# JRE version: Java(TM) SE Runtime Environment (8.0_221-b11) (build 1.8.0_221-b11)
# Java VM: Java HotSpot(TM) 64-Bit Server VM (25.221-b11 mixed mode linux-amd64 compressed oops)
Heap:
 PSYoungGen      total 237056K, used 10742K [0x00000000d7380000, 0x00000000e7d80000, 0x0000000100000000)
  eden space 226304K, 0% used [0x00000000d7380000,0x00000000d7380000,0x00000000e5080000)
  from space 10752K, 99% used [0x00000000e6880000,0x00000000e72fd978,0x00000000e7300000)
  to   space 9216K, 0% used [0x00000000e7480000,0x00000000e7480000,0x00000000e7d80000)
 ParOldGen       total 47104K, used 9847K [0x0000000085a00000, 0x0000000088800000, 0x00000000d7380000)
  object space 47104K, 20% used [0x0000000085a00000,0x000000008639dd90,0x0000000088800000)
 Metaspace       used 34717K, capacity 36422K, committed 36600K, reserved 1081344K
  class space    used 4550K, capacity 4870K, committed 4988K, reserved 1048576K
GC Heap History (10 events):
Event: 1.426 GC heap after
Heap after GC invocations=5 (full 0):
 PSYoungGen      total 68608K, used 5114K [0x00000000d7380000, 0x00000000e0180000, 0x0000000100000000)
  eden space 63488K, 0% used [0x00000000d7380000,0x00000000d7380000,0x00000000db180000)
  from space 5120K, 99% used [0x00000000db180000,0x00000000db67ea60,0x00000000db680000)
  to   space 9216K, 0% used [0x00000000df880000,0x00000000df880000,0x00000000e0180000)
 ParOldGen       total 84992K, used 5199K [0x0000000085a00000, 0x000000008ad00000, 0x00000000d7380000)
  object space 84992K, 6% used [0x0000000085a00000,0x0000000085f13f38,0x000000008ad00000)
 Metaspace       used 20590K, capacity 21286K, committed 21504K, reserved 1069056K
  class space    used 2653K, capacity 2812K, committed 2816K, reserved 1048576K
}
Event: 1.444 GC heap before
{Heap before GC invocations=6 (full 0):
 PSYoungGen      total 68608K, used 8573K [0x00000000d7380000, 0x00000000e0180000, 0x0000000100000000)
  eden space 63488K, 5% used [0x00000000d7380000,0x00000000d76e0c60,0x00000000db180000)
  from space 5120K, 99% used [0x00000000db180000,0x00000000db67ea60,0x00000000db680000)
  to   space 9216K, 0% used [0x00000000df880000,0x00000000df880000,0x00000000e0180000)
 ParOldGen       total 84992K, used 5199K [0x0000000085a00000, 0x000000008ad00000, 0x00000000d7380000)
  object space 84992K, 6% used [0x0000000085a00000,0x0000000085f13f38,0x000000008ad00000)
 Metaspace       used 20864K, capacity 21550K, committed 21884K, reserved 1069056K
  class space    used 2697K, capacity 2860K, committed 2940K, reserved 1048576K
Event: 1.450 GC heap after
Heap after GC invocations=6 (full 0):
 PSYoungGen      total 135168K, used 5278K [0x00000000d7380000, 0x00000000e0080000, 0x0000000100000000)
  eden space 126976K, 0% used [0x00000000d7380000,0x00000000d7380000,0x00000000def80000)
  from space 8192K, 64% used [0x00000000df880000,0x00000000dfda7870,0x00000000e0080000)
  to   space 8704K, 0% used [0x00000000def80000,0x00000000def80000,0x00000000df800000)
 ParOldGen       total 84992K, used 5207K [0x0000000085a00000, 0x000000008ad00000, 0x00000000d7380000)
  object space 84992K, 6% used [0x0000000085a00000,0x0000000085f15f38,0x000000008ad00000)
 Metaspace       used 20864K, capacity 21550K, committed 21884K, reserved 1069056K
  class space    used 2697K, capacity 2860K, committed 2940K, reserved 1048576K
}
Event: 1.478 GC heap before
{Heap before GC invocations=7 (full 0):
 PSYoungGen      total 135168K, used 10835K [0x00000000d7380000, 0x00000000e0080000, 0x0000000100000000)
  eden space 126976K, 4% used [0x00000000d7380000,0x00000000d78ed6b8,0x00000000def80000)
  from space 8192K, 64% used [0x00000000df880000,0x00000000dfda7870,0x00000000e0080000)
  to   space 8704K, 0% used [0x00000000def80000,0x00000000def80000,0x00000000df800000)
 ParOldGen       total 84992K, used 5207K [0x0000000085a00000, 0x000000008ad00000, 0x00000000d7380000)
  object space 84992K, 6% used [0x0000000085a00000,0x0000000085f15f38,0x000000008ad00000)
 Metaspace       used 21244K, capacity 21900K, committed 21960K, reserved 1069056K
  class space    used 2751K, capacity 2911K, committed 2940K, reserved 1048576K
Event: 1.486 GC heap after
Heap after GC invocations=7 (full 0):
 PSYoungGen      total 135680K, used 2681K [0x00000000d7380000, 0x00000000e7d80000, 0x0000000100000000)
  eden space 126976K, 0% used [0x00000000d7380000,0x00000000d7380000,0x00000000def80000)
  from space 8704K, 30% used [0x00000000def80000,0x00000000df21e560,0x00000000df800000)
  to   space 9216K, 0% used [0x00000000e7480000,0x00000000e7480000,0x00000000e7d80000)
 ParOldGen       total 84992K, used 7995K [0x0000000085a00000, 0x000000008ad00000, 0x00000000d7380000)
  object space 84992K, 9% used [0x0000000085a00000,0x00000000861ced80,0x000000008ad00000)
 Metaspace       used 21244K, capacity 21900K, committed 21960K, reserved 1069056K
  class space    used 2751K, capacity 2911K, committed 2940K, reserved 1048576K
}
Event: 1.486 GC heap before
{Heap before GC invocations=8 (full 1):
 PSYoungGen      total 135680K, used 2681K [0x00000000d7380000, 0x00000000e7d80000, 0x0000000100000000)
  eden space 126976K, 0% used [0x00000000d7380000,0x00000000d7380000,0x00000000def80000)
  from space 8704K, 30% used [0x00000000def80000,0x00000000df21e560,0x00000000df800000)
  to   space 9216K, 0% used [0x00000000e7480000,0x00000000e7480000,0x00000000e7d80000)
 ParOldGen       total 84992K, used 7995K [0x0000000085a00000, 0x000000008ad00000, 0x00000000d7380000)
  object space 84992K, 9% used [0x0000000085a00000,0x00000000861ced80,0x000000008ad00000)
 Metaspace       used 21244K, capacity 21900K, committed 21960K, reserved 1069056K
  class space    used 2751K, capacity 2911K, committed 2940K, reserved 1048576K
Event: 1.525 GC heap after
Heap after GC invocations=8 (full 1):
 PSYoungGen      total 135680K, used 0K [0x00000000d7380000, 0x00000000e7d80000, 0x0000000100000000)
  eden space 126976K, 0% used [0x00000000d7380000,0x00000000d7380000,0x00000000def80000)
  from space 8704K, 0% used [0x00000000def80000,0x00000000def80000,0x00000000df800000)
  to   space 9216K, 0% used [0x00000000e7480000,0x00000000e7480000,0x00000000e7d80000)
 ParOldGen       total 47104K, used 5299K [0x0000000085a00000, 0x0000000088800000, 0x00000000d7380000)
  object space 47104K, 11% used [0x0000000085a00000,0x0000000085f2cd58,0x0000000088800000)
 Metaspace       used 21242K, capacity 21894K, committed 21960K, reserved 1069056K
  class space    used 2750K, capacity 2910K, committed 2940K, reserved 1048576K
}
Event: 2.882 GC heap before
{Heap before GC invocations=9 (full 1):
 PSYoungGen      total 135680K, used 126976K [0x00000000d7380000, 0x00000000e7d80000, 0x0000000100000000)
  eden space 126976K, 100% used [0x00000000d7380000,0x00000000def80000,0x00000000def80000)
  from space 8704K, 0% used [0x00000000def80000,0x00000000def80000,0x00000000df800000)
  to   space 9216K, 0% used [0x00000000e7480000,0x00000000e7480000,0x00000000e7d80000)
 ParOldGen       total 47104K, used 5299K [0x0000000085a00000, 0x0000000088800000, 0x00000000d7380000)
  object space 47104K, 11% used [0x0000000085a00000,0x0000000085f2cd58,0x0000000088800000)
 Metaspace       used 26876K, capacity 27950K, committed 28156K, reserved 1073152K
  class space    used 3478K, capacity 3722K, committed 3836K, reserved 1048576K
Event: 2.907 GC heap after
Heap after GC invocations=9 (full 1):
 PSYoungGen      total 235520K, used 9207K [0x00000000d7380000, 0x00000000e7d80000, 0x0000000100000000)
  eden space 226304K, 0% used [0x00000000d7380000,0x00000000d7380000,0x00000000e5080000)
  from space 9216K, 99% used [0x00000000e7480000,0x00000000e7d7dd68,0x00000000e7d80000)
  to   space 10752K, 0% used [0x00000000e6880000,0x00000000e6880000,0x00000000e7300000)
 ParOldGen       total 47104K, used 6349K [0x0000000085a00000, 0x0000000088800000, 0x00000000d7380000)
  object space 47104K, 13% used [0x0000000085a00000,0x0000000086033780,0x0000000088800000)
 Metaspace       used 26876K, capacity 27950K, committed 28156K, reserved 1073152K
  class space    used 3478K, capacity 3722K, committed 3836K, reserved 1048576K
}
Event: 4.631 GC heap before
{Heap before GC invocations=10 (full 1):
 PSYoungGen      total 235520K, used 136987K [0x00000000d7380000, 0x00000000e7d80000, 0x0000000100000000)
  eden space 226304K, 56% used [0x00000000d7380000,0x00000000df048fb8,0x00000000e5080000)
  from space 9216K, 99% used [0x00000000e7480000,0x00000000e7d7dd68,0x00000000e7d80000)
  to   space 10752K, 0% used [0x00000000e6880000,0x00000000e6880000,0x00000000e7300000)
 ParOldGen       total 47104K, used 6349K [0x0000000085a00000, 0x0000000088800000, 0x00000000d7380000)
  object space 47104K, 13% used [0x0000000085a00000,0x0000000086033780,0x0000000088800000)
 Metaspace       used 34717K, capacity 36422K, committed 36600K, reserved 1081344K
  class space    used 4550K, capacity 4870K, committed 4988K, reserved 1048576K

